-------------------------------------------------------------------------------
Test set: ba.unsa.etf.rpr.ExpressionEvaluatorTest
-------------------------------------------------------------------------------
Tests run: 12, Failures: 1, Errors: 0, Skipped: 0, Time elapsed: 0.051 s <<< FAILURE! - in ba.unsa.etf.rpr.ExpressionEvaluatorTest
testEvaluate8  Time elapsed: 0.008 s  <<< FAILURE!
org.opentest4j.AssertionFailedError: Expected java.lang.RuntimeException to be thrown, but nothing was thrown.
	at ba.unsa.etf.rpr.ExpressionEvaluatorTest.testEvaluate8(ExpressionEvaluatorTest.java:62)

